<?xml version="1.0" encoding="UTF-8"?>
<!-- Generated by org.testng.reporters.JUnitReportReporter -->
<testsuite skipped="0" hostname="DESKTOP-MGPTSLM" name="com.multisite.Regression.SignUpFunctionality" tests="1" failures="0" timestamp="20 Jul 2020 16:58:32 GMT" time="94.450" errors="0">
  <testcase name="SignUpTest" time="94.450" classname="com.multisite.Regression.SignUpFunctionality"/>
</testsuite> <!-- com.multisite.Regression.SignUpFunctionality -->
