<?xml version="1.0" encoding="UTF-8"?>
<!-- Generated by org.testng.reporters.JUnitReportReporter -->
<testsuite skipped="0" hostname="DESKTOP-MGPTSLM" name="com.multisite.Regression.SignInFunctionality" tests="1" failures="0" timestamp="16 Jul 2020 04:21:27 GMT" time="18.056" errors="0">
  <testcase name="SignInTest" time="18.056" classname="com.multisite.Regression.SignInFunctionality"/>
</testsuite> <!-- com.multisite.Regression.SignInFunctionality -->
